mode: count
gopkg.in/src-d/go-git.v4/formats/idxfile/encoder.go:18.39,22.2 3 5
gopkg.in/src-d/go-git.v4/formats/idxfile/encoder.go:25.53,38.25 4 5
gopkg.in/src-d/go-git.v4/formats/idxfile/encoder.go:47.2,47.16 1 5
gopkg.in/src-d/go-git.v4/formats/idxfile/encoder.go:38.25,42.17 3 30
gopkg.in/src-d/go-git.v4/formats/idxfile/encoder.go:42.17,44.4 1 0
gopkg.in/src-d/go-git.v4/formats/idxfile/encoder.go:50.59,52.16 2 5
gopkg.in/src-d/go-git.v4/formats/idxfile/encoder.go:56.2,56.41 1 5
gopkg.in/src-d/go-git.v4/formats/idxfile/encoder.go:52.16,54.3 1 0
gopkg.in/src-d/go-git.v4/formats/idxfile/encoder.go:59.59,61.27 2 5
gopkg.in/src-d/go-git.v4/formats/idxfile/encoder.go:67.2,67.18 1 5
gopkg.in/src-d/go-git.v4/formats/idxfile/encoder.go:61.27,62.41 1 1280
gopkg.in/src-d/go-git.v4/formats/idxfile/encoder.go:62.41,64.4 1 0
gopkg.in/src-d/go-git.v4/formats/idxfile/encoder.go:70.59,72.34 2 5
gopkg.in/src-d/go-git.v4/formats/idxfile/encoder.go:81.2,81.16 1 5
gopkg.in/src-d/go-git.v4/formats/idxfile/encoder.go:72.34,76.17 3 4051
gopkg.in/src-d/go-git.v4/formats/idxfile/encoder.go:76.17,78.4 1 0
gopkg.in/src-d/go-git.v4/formats/idxfile/encoder.go:84.58,86.34 2 5
gopkg.in/src-d/go-git.v4/formats/idxfile/encoder.go:95.2,95.16 1 5
gopkg.in/src-d/go-git.v4/formats/idxfile/encoder.go:86.34,90.17 3 4051
gopkg.in/src-d/go-git.v4/formats/idxfile/encoder.go:90.17,92.4 1 0
gopkg.in/src-d/go-git.v4/formats/idxfile/encoder.go:98.60,100.34 2 5
gopkg.in/src-d/go-git.v4/formats/idxfile/encoder.go:109.2,109.16 1 5
gopkg.in/src-d/go-git.v4/formats/idxfile/encoder.go:100.34,101.58 1 4051
gopkg.in/src-d/go-git.v4/formats/idxfile/encoder.go:105.3,105.10 1 4051
gopkg.in/src-d/go-git.v4/formats/idxfile/encoder.go:101.58,103.4 1 0
gopkg.in/src-d/go-git.v4/formats/idxfile/encoder.go:112.62,113.60 1 5
gopkg.in/src-d/go-git.v4/formats/idxfile/encoder.go:117.2,118.55 2 5
gopkg.in/src-d/go-git.v4/formats/idxfile/encoder.go:122.2,122.16 1 5
gopkg.in/src-d/go-git.v4/formats/idxfile/encoder.go:113.60,115.3 1 0
gopkg.in/src-d/go-git.v4/formats/idxfile/encoder.go:118.55,120.3 1 0
gopkg.in/src-d/go-git.v4/formats/idxfile/encoder.go:125.50,127.2 1 5336
gopkg.in/src-d/go-git.v4/formats/idxfile/encoder.go:131.40,131.57 1 5
gopkg.in/src-d/go-git.v4/formats/idxfile/encoder.go:132.40,132.90 1 42228
gopkg.in/src-d/go-git.v4/formats/idxfile/encoder.go:133.40,133.67 1 2816
gopkg.in/src-d/go-git.v4/formats/idxfile/encoder.go:134.40,134.56 1 5
gopkg.in/src-d/go-git.v4/formats/idxfile/idxfile.go:32.67,38.2 1 33
gopkg.in/src-d/go-git.v4/formats/idxfile/idxfile.go:40.36,42.31 2 6
gopkg.in/src-d/go-git.v4/formats/idxfile/idxfile.go:48.2,48.13 1 6
gopkg.in/src-d/go-git.v4/formats/idxfile/idxfile.go:42.31,43.21 1 1530
gopkg.in/src-d/go-git.v4/formats/idxfile/idxfile.go:43.21,45.4 1 0
gopkg.in/src-d/go-git.v4/formats/idxfile/idxfile.go:51.51,53.32 2 11
gopkg.in/src-d/go-git.v4/formats/idxfile/idxfile.go:57.2,57.27 1 11
gopkg.in/src-d/go-git.v4/formats/idxfile/idxfile.go:61.2,61.15 1 11
gopkg.in/src-d/go-git.v4/formats/idxfile/idxfile.go:53.32,55.3 1 8133
gopkg.in/src-d/go-git.v4/formats/idxfile/idxfile.go:57.27,59.3 1 2805
gopkg.in/src-d/go-git.v4/formats/idxfile/decoder.go:26.39,28.2 1 6
gopkg.in/src-d/go-git.v4/formats/idxfile/decoder.go:32.46,33.42 1 6
gopkg.in/src-d/go-git.v4/formats/idxfile/decoder.go:37.2,46.25 2 6
gopkg.in/src-d/go-git.v4/formats/idxfile/decoder.go:52.2,52.20 1 6
gopkg.in/src-d/go-git.v4/formats/idxfile/decoder.go:56.2,56.12 1 6
gopkg.in/src-d/go-git.v4/formats/idxfile/decoder.go:33.42,35.3 1 0
gopkg.in/src-d/go-git.v4/formats/idxfile/decoder.go:46.25,47.35 1 36
gopkg.in/src-d/go-git.v4/formats/idxfile/decoder.go:47.35,49.4 1 0
gopkg.in/src-d/go-git.v4/formats/idxfile/decoder.go:52.20,54.3 1 0
gopkg.in/src-d/go-git.v4/formats/idxfile/decoder.go:59.40,61.37 2 6
gopkg.in/src-d/go-git.v4/formats/idxfile/decoder.go:65.2,65.32 1 6
gopkg.in/src-d/go-git.v4/formats/idxfile/decoder.go:69.2,69.12 1 6
gopkg.in/src-d/go-git.v4/formats/idxfile/decoder.go:61.37,63.3 1 0
gopkg.in/src-d/go-git.v4/formats/idxfile/decoder.go:65.32,67.3 1 0
gopkg.in/src-d/go-git.v4/formats/idxfile/decoder.go:72.51,74.16 2 6
gopkg.in/src-d/go-git.v4/formats/idxfile/decoder.go:78.2,78.26 1 6
gopkg.in/src-d/go-git.v4/formats/idxfile/decoder.go:82.2,84.12 2 6
gopkg.in/src-d/go-git.v4/formats/idxfile/decoder.go:74.16,76.3 1 0
gopkg.in/src-d/go-git.v4/formats/idxfile/decoder.go:78.26,80.3 1 0
gopkg.in/src-d/go-git.v4/formats/idxfile/decoder.go:87.50,90.27 2 6
gopkg.in/src-d/go-git.v4/formats/idxfile/decoder.go:97.2,98.12 2 6
gopkg.in/src-d/go-git.v4/formats/idxfile/decoder.go:90.27,92.17 2 1530
gopkg.in/src-d/go-git.v4/formats/idxfile/decoder.go:92.17,94.4 1 0
gopkg.in/src-d/go-git.v4/formats/idxfile/decoder.go:101.55,103.25 2 6
gopkg.in/src-d/go-git.v4/formats/idxfile/decoder.go:112.2,112.12 1 6
gopkg.in/src-d/go-git.v4/formats/idxfile/decoder.go:103.25,105.43 2 4082
gopkg.in/src-d/go-git.v4/formats/idxfile/decoder.go:109.3,109.54 1 4082
gopkg.in/src-d/go-git.v4/formats/idxfile/decoder.go:105.43,107.4 1 0
gopkg.in/src-d/go-git.v4/formats/idxfile/decoder.go:115.49,117.25 2 6
gopkg.in/src-d/go-git.v4/formats/idxfile/decoder.go:123.2,123.12 1 6
gopkg.in/src-d/go-git.v4/formats/idxfile/decoder.go:117.25,118.81 1 4082
gopkg.in/src-d/go-git.v4/formats/idxfile/decoder.go:118.81,120.4 1 0
gopkg.in/src-d/go-git.v4/formats/idxfile/decoder.go:126.51,128.25 2 6
gopkg.in/src-d/go-git.v4/formats/idxfile/decoder.go:137.2,137.12 1 6
gopkg.in/src-d/go-git.v4/formats/idxfile/decoder.go:128.25,130.17 2 4082
gopkg.in/src-d/go-git.v4/formats/idxfile/decoder.go:134.3,134.36 1 4082
gopkg.in/src-d/go-git.v4/formats/idxfile/decoder.go:130.17,132.4 1 0
gopkg.in/src-d/go-git.v4/formats/idxfile/decoder.go:140.53,141.59 1 6
gopkg.in/src-d/go-git.v4/formats/idxfile/decoder.go:145.2,145.54 1 6
gopkg.in/src-d/go-git.v4/formats/idxfile/decoder.go:149.2,149.12 1 6
gopkg.in/src-d/go-git.v4/formats/idxfile/decoder.go:141.59,143.3 1 0
gopkg.in/src-d/go-git.v4/formats/idxfile/decoder.go:145.54,147.3 1 0
gopkg.in/src-d/go-git.v4/formats/idxfile/decoder.go:152.45,154.61 2 5624
gopkg.in/src-d/go-git.v4/formats/idxfile/decoder.go:158.2,158.15 1 5624
gopkg.in/src-d/go-git.v4/formats/idxfile/decoder.go:154.61,156.3 1 0
